mode: set
github.com/chezgoulet/ragamuffin/internal/config/config.go:51.32,53.2 1 1
github.com/chezgoulet/ragamuffin/internal/config/config.go:56.32,58.2 1 1
github.com/chezgoulet/ragamuffin/internal/config/config.go:61.21,91.2 1 1
github.com/chezgoulet/ragamuffin/internal/config/config.go:93.36,95.13 2 1
github.com/chezgoulet/ragamuffin/internal/config/config.go:95.13,96.57 1 0
github.com/chezgoulet/ragamuffin/internal/config/config.go:98.2,98.10 1 1
github.com/chezgoulet/ragamuffin/internal/config/config.go:101.43,102.34 1 1
github.com/chezgoulet/ragamuffin/internal/config/config.go:102.34,104.3 1 1
github.com/chezgoulet/ragamuffin/internal/config/config.go:105.2,105.12 1 1
github.com/chezgoulet/ragamuffin/internal/config/config.go:108.31,110.13 2 1
github.com/chezgoulet/ragamuffin/internal/config/config.go:110.13,112.3 1 1
github.com/chezgoulet/ragamuffin/internal/config/config.go:113.2,114.16 2 1
github.com/chezgoulet/ragamuffin/internal/config/config.go:114.16,116.3 1 1
github.com/chezgoulet/ragamuffin/internal/config/config.go:117.2,117.10 1 1
github.com/chezgoulet/ragamuffin/internal/config/config.go:120.38,122.13 2 1
github.com/chezgoulet/ragamuffin/internal/config/config.go:122.13,124.3 1 1
github.com/chezgoulet/ragamuffin/internal/config/config.go:125.2,126.16 2 1
github.com/chezgoulet/ragamuffin/internal/config/config.go:126.16,128.3 1 1
github.com/chezgoulet/ragamuffin/internal/config/config.go:129.2,129.10 1 1
github.com/chezgoulet/ragamuffin/internal/indexer/indexer.go:46.99,53.2 1 0
github.com/chezgoulet/ragamuffin/internal/indexer/indexer.go:56.124,60.2 3 0
github.com/chezgoulet/ragamuffin/internal/indexer/indexer.go:63.114,66.16 2 0
github.com/chezgoulet/ragamuffin/internal/indexer/indexer.go:66.16,68.3 1 0
github.com/chezgoulet/ragamuffin/internal/indexer/indexer.go:68.8,68.23 1 0
github.com/chezgoulet/ragamuffin/internal/indexer/indexer.go:68.23,71.3 2 0
github.com/chezgoulet/ragamuffin/internal/indexer/indexer.go:74.2,76.6 2 0
github.com/chezgoulet/ragamuffin/internal/indexer/indexer.go:76.6,77.10 1 0
github.com/chezgoulet/ragamuffin/internal/indexer/indexer.go:78.21,79.10 1 0
github.com/chezgoulet/ragamuffin/internal/indexer/indexer.go:80.28,81.11 1 0
github.com/chezgoulet/ragamuffin/internal/indexer/indexer.go:81.11,83.5 1 0
github.com/chezgoulet/ragamuffin/internal/indexer/indexer.go:84.4,84.22 1 0
github.com/chezgoulet/ragamuffin/internal/indexer/indexer.go:85.49,86.69 1 0
github.com/chezgoulet/ragamuffin/internal/indexer/indexer.go:86.69,88.6 1 0
github.com/chezgoulet/ragamuffin/internal/indexer/indexer.go:89.30,90.68 1 0
github.com/chezgoulet/ragamuffin/internal/indexer/indexer.go:90.68,92.6 1 0
github.com/chezgoulet/ragamuffin/internal/indexer/indexer.go:98.54,105.87 6 0
github.com/chezgoulet/ragamuffin/internal/indexer/indexer.go:105.87,106.33 1 0
github.com/chezgoulet/ragamuffin/internal/indexer/indexer.go:106.33,108.4 1 0
github.com/chezgoulet/ragamuffin/internal/indexer/indexer.go:109.3,110.28 2 0
github.com/chezgoulet/ragamuffin/internal/indexer/indexer.go:110.28,112.4 1 0
github.com/chezgoulet/ragamuffin/internal/indexer/indexer.go:113.3,114.13 2 0
github.com/chezgoulet/ragamuffin/internal/indexer/indexer.go:117.2,122.32 5 0
github.com/chezgoulet/ragamuffin/internal/indexer/indexer.go:122.32,124.62 2 0
github.com/chezgoulet/ragamuffin/internal/indexer/indexer.go:124.62,126.4 1 0
github.com/chezgoulet/ragamuffin/internal/indexer/indexer.go:127.3,129.18 3 0
github.com/chezgoulet/ragamuffin/internal/indexer/indexer.go:132.2,137.68 5 0
github.com/chezgoulet/ragamuffin/internal/indexer/indexer.go:140.83,141.25 1 0
github.com/chezgoulet/ragamuffin/internal/indexer/indexer.go:141.25,143.3 1 0
github.com/chezgoulet/ragamuffin/internal/indexer/indexer.go:144.2,147.16 3 0
github.com/chezgoulet/ragamuffin/internal/indexer/indexer.go:147.16,149.3 1 0
github.com/chezgoulet/ragamuffin/internal/indexer/indexer.go:150.2,153.64 2 0
github.com/chezgoulet/ragamuffin/internal/indexer/indexer.go:153.64,155.3 1 0
github.com/chezgoulet/ragamuffin/internal/indexer/indexer.go:157.2,158.22 2 0
github.com/chezgoulet/ragamuffin/internal/indexer/indexer.go:158.22,160.3 1 0
github.com/chezgoulet/ragamuffin/internal/indexer/indexer.go:163.2,164.46 2 0
github.com/chezgoulet/ragamuffin/internal/indexer/indexer.go:164.46,166.24 2 0
github.com/chezgoulet/ragamuffin/internal/indexer/indexer.go:166.24,168.4 1 0
github.com/chezgoulet/ragamuffin/internal/indexer/indexer.go:169.3,172.27 3 0
github.com/chezgoulet/ragamuffin/internal/indexer/indexer.go:172.27,174.4 1 0
github.com/chezgoulet/ragamuffin/internal/indexer/indexer.go:176.3,177.17 2 0
github.com/chezgoulet/ragamuffin/internal/indexer/indexer.go:177.17,179.4 1 0
github.com/chezgoulet/ragamuffin/internal/indexer/indexer.go:181.3,182.27 2 0
github.com/chezgoulet/ragamuffin/internal/indexer/indexer.go:182.27,201.4 2 0
github.com/chezgoulet/ragamuffin/internal/indexer/indexer.go:203.3,203.56 1 0
github.com/chezgoulet/ragamuffin/internal/indexer/indexer.go:203.56,205.4 1 0
github.com/chezgoulet/ragamuffin/internal/indexer/indexer.go:208.2,214.12 6 0
github.com/chezgoulet/ragamuffin/internal/indexer/indexer.go:218.76,219.13 1 1
github.com/chezgoulet/ragamuffin/internal/indexer/indexer.go:220.13,221.53 1 1
github.com/chezgoulet/ragamuffin/internal/indexer/indexer.go:222.10,223.50 1 1
github.com/chezgoulet/ragamuffin/internal/indexer/indexer.go:227.75,234.18 6 1
github.com/chezgoulet/ragamuffin/internal/indexer/indexer.go:234.18,236.17 2 1
github.com/chezgoulet/ragamuffin/internal/indexer/indexer.go:236.17,245.4 2 1
github.com/chezgoulet/ragamuffin/internal/indexer/indexer.go:246.3,246.18 1 1
github.com/chezgoulet/ragamuffin/internal/indexer/indexer.go:249.2,249.29 1 1
github.com/chezgoulet/ragamuffin/internal/indexer/indexer.go:249.29,253.114 2 1
github.com/chezgoulet/ragamuffin/internal/indexer/indexer.go:253.114,256.4 2 1
github.com/chezgoulet/ragamuffin/internal/indexer/indexer.go:257.3,258.28 2 1
github.com/chezgoulet/ragamuffin/internal/indexer/indexer.go:260.2,262.15 2 1
github.com/chezgoulet/ragamuffin/internal/indexer/indexer.go:265.72,270.31 3 1
github.com/chezgoulet/ragamuffin/internal/indexer/indexer.go:270.31,272.17 2 1
github.com/chezgoulet/ragamuffin/internal/indexer/indexer.go:272.17,273.12 1 1
github.com/chezgoulet/ragamuffin/internal/indexer/indexer.go:275.3,281.5 1 1
github.com/chezgoulet/ragamuffin/internal/indexer/indexer.go:284.2,284.15 1 1
github.com/chezgoulet/ragamuffin/internal/indexer/indexer.go:287.36,289.13 2 1
github.com/chezgoulet/ragamuffin/internal/indexer/indexer.go:290.37,291.14 1 1
github.com/chezgoulet/ragamuffin/internal/indexer/indexer.go:292.10,293.14 1 1
github.com/chezgoulet/ragamuffin/internal/indexer/indexer.go:294.10,295.15 1 1
